2024-08-14T11:24:09.729+09:00  INFO 52752 --- [myBot] [restartedMain] com.william.bot.BotApplication           : Starting BotApplication using Java 17.0.9 with PID 52752 (/Users/williamch3n/projects/back-end/bot/target/classes started by williamch3n in /Users/williamch3n/projects/back-end/bot)
2024-08-14T11:24:09.735+09:00  INFO 52752 --- [myBot] [restartedMain] com.william.bot.BotApplication           : No active profile set, falling back to 1 default profile: "default"
2024-08-14T11:24:09.776+09:00  INFO 52752 --- [myBot] [restartedMain] .e.DevToolsPropertyDefaultsPostProcessor : Devtools property defaults active! Set 'spring.devtools.add-properties' to 'false' to disable
2024-08-14T11:24:10.331+09:00  INFO 52752 --- [myBot] [restartedMain] o.s.b.d.a.OptionalLiveReloadServer       : LiveReload server is running on port 35729
2024-08-14T11:24:10.355+09:00  INFO 52752 --- [myBot] [restartedMain] com.william.bot.BotApplication           : Started BotApplication in 0.96 seconds (process running for 1.584)
2024-08-14T11:24:12.013+09:00  INFO 52752 --- [myBot] [scheduling-1] c.w.bot.task.RakutenMobileReferralTask   : Check scheduling...
2024-08-14T11:24:14.002+09:00  INFO 52752 --- [myBot] [scheduling-1] c.w.bot.task.RakutenMobileReferralTask   : Check scheduling...
2024-08-14T11:24:16.002+09:00  INFO 52752 --- [myBot] [scheduling-1] c.w.bot.task.RakutenMobileReferralTask   : Check scheduling...
2024-08-14T11:24:18.005+09:00  INFO 52752 --- [myBot] [scheduling-1] c.w.bot.task.RakutenMobileReferralTask   : Check scheduling...
2024-08-14T11:24:20.001+09:00  INFO 52752 --- [myBot] [scheduling-1] c.w.bot.task.RakutenMobileReferralTask   : Check scheduling...
2024-08-14T11:24:22.005+09:00  INFO 52752 --- [myBot] [scheduling-1] c.w.bot.task.RakutenMobileReferralTask   : Check scheduling...
2024-08-14T11:24:24.005+09:00  INFO 52752 --- [myBot] [scheduling-1] c.w.bot.task.RakutenMobileReferralTask   : Check scheduling...
2024-08-14T11:24:26.006+09:00  INFO 52752 --- [myBot] [scheduling-1] c.w.bot.task.RakutenMobileReferralTask   : Check scheduling...
2024-08-14T11:24:28.002+09:00  INFO 52752 --- [myBot] [scheduling-1] c.w.bot.task.RakutenMobileReferralTask   : Check scheduling...
2024-08-14T11:25:44.796+09:00  INFO 52781 --- [myBot] [restartedMain] com.william.bot.BotApplication           : Starting BotApplication using Java 17.0.9 with PID 52781 (/Users/williamch3n/projects/back-end/bot/target/classes started by williamch3n in /Users/williamch3n/projects/back-end/bot)
2024-08-14T11:25:44.798+09:00  INFO 52781 --- [myBot] [restartedMain] com.william.bot.BotApplication           : No active profile set, falling back to 1 default profile: "default"
2024-08-14T11:25:44.834+09:00  INFO 52781 --- [myBot] [restartedMain] .e.DevToolsPropertyDefaultsPostProcessor : Devtools property defaults active! Set 'spring.devtools.add-properties' to 'false' to disable
2024-08-14T11:25:45.304+09:00  INFO 52781 --- [myBot] [restartedMain] o.s.b.d.a.OptionalLiveReloadServer       : LiveReload server is running on port 35729
2024-08-14T11:25:45.326+09:00  INFO 52781 --- [myBot] [restartedMain] com.william.bot.BotApplication           : Started BotApplication in 0.805 seconds (process running for 1.263)
2024-08-14T11:26:00.014+09:00  INFO 52781 --- [myBot] [scheduling-1] c.w.bot.task.RakutenMobileReferralTask   : Check scheduling...
2024-08-14T11:27:00.003+09:00  INFO 52781 --- [myBot] [scheduling-1] c.w.bot.task.RakutenMobileReferralTask   : Check scheduling...
2024-08-14T11:28:00.004+09:00  INFO 52781 --- [myBot] [scheduling-1] c.w.bot.task.RakutenMobileReferralTask   : Check scheduling...
2024-08-14T11:29:00.004+09:00  INFO 52781 --- [myBot] [scheduling-1] c.w.bot.task.RakutenMobileReferralTask   : Check scheduling...
2024-08-14T11:30:00.003+09:00  INFO 52781 --- [myBot] [scheduling-1] c.w.bot.task.RakutenMobileReferralTask   : Check scheduling...
2024-08-14T11:31:00.000+09:00  INFO 52781 --- [myBot] [scheduling-1] c.w.bot.task.RakutenMobileReferralTask   : Check scheduling...
2024-08-14T11:31:59.994+09:00  INFO 52781 --- [myBot] [scheduling-1] c.w.bot.task.RakutenMobileReferralTask   : Check scheduling...
2024-08-14T11:33:00.007+09:00  INFO 52781 --- [myBot] [scheduling-1] c.w.bot.task.RakutenMobileReferralTask   : Check scheduling...
2024-08-14T11:34:00.004+09:00  INFO 52781 --- [myBot] [scheduling-1] c.w.bot.task.RakutenMobileReferralTask   : Check scheduling...
2024-08-14T11:35:00.003+09:00  INFO 52781 --- [myBot] [scheduling-1] c.w.bot.task.RakutenMobileReferralTask   : Check scheduling...
2024-08-14T11:36:00.004+09:00  INFO 52781 --- [myBot] [scheduling-1] c.w.bot.task.RakutenMobileReferralTask   : Check scheduling...
2024-08-14T11:37:00.002+09:00  INFO 52781 --- [myBot] [scheduling-1] c.w.bot.task.RakutenMobileReferralTask   : Check scheduling...
2024-08-14T11:38:00.002+09:00  INFO 52781 --- [myBot] [scheduling-1] c.w.bot.task.RakutenMobileReferralTask   : Check scheduling...
2024-08-14T11:39:00.005+09:00  INFO 52781 --- [myBot] [scheduling-1] c.w.bot.task.RakutenMobileReferralTask   : Check scheduling...
2024-08-14T11:40:00.005+09:00  INFO 52781 --- [myBot] [scheduling-1] c.w.bot.task.RakutenMobileReferralTask   : Check scheduling...
2024-08-14T11:41:00.005+09:00  INFO 52781 --- [myBot] [scheduling-1] c.w.bot.task.RakutenMobileReferralTask   : Check scheduling...
2024-08-14T11:42:00.005+09:00  INFO 52781 --- [myBot] [scheduling-1] c.w.bot.task.RakutenMobileReferralTask   : Check scheduling...
2024-08-14T11:43:00.004+09:00  INFO 52781 --- [myBot] [scheduling-1] c.w.bot.task.RakutenMobileReferralTask   : Check scheduling...
2024-08-14T11:44:00.006+09:00  INFO 52781 --- [myBot] [scheduling-1] c.w.bot.task.RakutenMobileReferralTask   : Check scheduling...
2024-08-14T11:45:00.008+09:00  INFO 52781 --- [myBot] [scheduling-1] c.w.bot.task.RakutenMobileReferralTask   : Check scheduling...
2024-08-14T11:46:00.005+09:00  INFO 52781 --- [myBot] [scheduling-1] c.w.bot.task.RakutenMobileReferralTask   : Check scheduling...
2024-08-14T11:47:00.009+09:00  INFO 52781 --- [myBot] [scheduling-1] c.w.bot.task.RakutenMobileReferralTask   : Check scheduling...
2024-08-14T11:48:00.005+09:00  INFO 52781 --- [myBot] [scheduling-1] c.w.bot.task.RakutenMobileReferralTask   : Check scheduling...
2024-08-14T11:49:00.007+09:00  INFO 52781 --- [myBot] [scheduling-1] c.w.bot.task.RakutenMobileReferralTask   : Check scheduling...
2024-08-14T11:50:00.007+09:00  INFO 52781 --- [myBot] [scheduling-1] c.w.bot.task.RakutenMobileReferralTask   : Check scheduling...
2024-08-14T11:51:00.006+09:00  INFO 52781 --- [myBot] [scheduling-1] c.w.bot.task.RakutenMobileReferralTask   : Check scheduling...
2024-08-14T11:52:00.006+09:00  INFO 52781 --- [myBot] [scheduling-1] c.w.bot.task.RakutenMobileReferralTask   : Check scheduling...
2024-08-14T11:53:00.000+09:00  INFO 52781 --- [myBot] [scheduling-1] c.w.bot.task.RakutenMobileReferralTask   : Check scheduling...
2024-08-14T11:54:00.007+09:00  INFO 52781 --- [myBot] [scheduling-1] c.w.bot.task.RakutenMobileReferralTask   : Check scheduling...
2024-08-14T11:55:00.007+09:00  INFO 52781 --- [myBot] [scheduling-1] c.w.bot.task.RakutenMobileReferralTask   : Check scheduling...
2024-08-14T11:56:00.002+09:00  INFO 52781 --- [myBot] [scheduling-1] c.w.bot.task.RakutenMobileReferralTask   : Check scheduling...
2024-08-14T11:57:00.002+09:00  INFO 52781 --- [myBot] [scheduling-1] c.w.bot.task.RakutenMobileReferralTask   : Check scheduling...
2024-08-14T11:58:00.003+09:00  INFO 52781 --- [myBot] [scheduling-1] c.w.bot.task.RakutenMobileReferralTask   : Check scheduling...
2024-08-14T11:59:00.002+09:00  INFO 52781 --- [myBot] [scheduling-1] c.w.bot.task.RakutenMobileReferralTask   : Check scheduling...
2024-08-14T12:00:00.002+09:00  INFO 52781 --- [myBot] [scheduling-1] c.w.bot.task.RakutenMobileReferralTask   : Check scheduling...
2024-08-14T12:01:00.001+09:00  INFO 52781 --- [myBot] [scheduling-1] c.w.bot.task.RakutenMobileReferralTask   : Check scheduling...
2024-08-14T12:02:00.002+09:00  INFO 52781 --- [myBot] [scheduling-1] c.w.bot.task.RakutenMobileReferralTask   : Check scheduling...
2024-08-14T12:03:00.002+09:00  INFO 52781 --- [myBot] [scheduling-1] c.w.bot.task.RakutenMobileReferralTask   : Check scheduling...
2024-08-14T12:04:00.002+09:00  INFO 52781 --- [myBot] [scheduling-1] c.w.bot.task.RakutenMobileReferralTask   : Check scheduling...
2024-08-14T12:05:00.003+09:00  INFO 52781 --- [myBot] [scheduling-1] c.w.bot.task.RakutenMobileReferralTask   : Check scheduling...
2024-08-14T12:06:00.002+09:00  INFO 52781 --- [myBot] [scheduling-1] c.w.bot.task.RakutenMobileReferralTask   : Check scheduling...
2024-08-14T12:07:00.018+09:00  INFO 52781 --- [myBot] [scheduling-1] c.w.bot.task.RakutenMobileReferralTask   : Check scheduling...
2024-08-14T12:08:00.005+09:00  INFO 52781 --- [myBot] [scheduling-1] c.w.bot.task.RakutenMobileReferralTask   : Check scheduling...
2024-08-14T12:09:00.003+09:00  INFO 52781 --- [myBot] [scheduling-1] c.w.bot.task.RakutenMobileReferralTask   : Check scheduling...
2024-08-14T12:10:00.001+09:00  INFO 52781 --- [myBot] [scheduling-1] c.w.bot.task.RakutenMobileReferralTask   : Check scheduling...
2024-08-14T12:11:00.001+09:00  INFO 52781 --- [myBot] [scheduling-1] c.w.bot.task.RakutenMobileReferralTask   : Check scheduling...
2024-08-14T12:12:00.002+09:00  INFO 52781 --- [myBot] [scheduling-1] c.w.bot.task.RakutenMobileReferralTask   : Check scheduling...
2024-08-14T12:13:00.002+09:00  INFO 52781 --- [myBot] [scheduling-1] c.w.bot.task.RakutenMobileReferralTask   : Check scheduling...
